2023-11-16T01:47:05.941Z: TypeError: ftp_login_file_contents_lines.match is not a function
    at Socket.<anonymous> (C:\Users\Jacob\Desktop\SCUMChatMonitor\app.js:337:56)
    at Socket.emit (node:events:525:35)
    at Object.cb (C:\Users\Jacob\Desktop\SCUMChatMonitor\node_modules\ftp\lib\connection.js:574:18)
    at Parser.<anonymous> (C:\Users\Jacob\Desktop\SCUMChatMonitor\node_modules\ftp\lib\connection.js:113:22)
    at Parser.emit (node:events:513:28)
    at Parser._write (C:\Users\Jacob\Desktop\SCUMChatMonitor\node_modules\ftp\lib\parser.js:59:10)
    at writeOrBuffer (node:internal/streams/writable:392:12)
    at _write (node:internal/streams/writable:333:10)
    at Writable.write (node:internal/streams/writable:337:10)
    at Socket.ondata (C:\Users\Jacob\Desktop\SCUMChatMonitor\node_modules\ftp\lib\connection.js:273:20)
2023-11-16T01:52:01.343Z: ReferenceError: process_chunk is not defined
    at Socket.<anonymous> (C:\Users\Jacob\Desktop\SCUMChatMonitor\app.js:308:34)
    at Socket.emit (node:events:513:28)
    at source.emit (C:\Users\Jacob\Desktop\SCUMChatMonitor\node_modules\ftp\lib\connection.js:568:20)
    at addChunk (node:internal/streams/readable:324:12)
    at readableAddChunk (node:internal/streams/readable:297:9)
    at Readable.push (node:internal/streams/readable:234:10)
    at TCP.onStreamRead (node:internal/stream_base_commons:190:23)
2023-11-16T01:52:01.435Z: ReferenceError: Cannot access 'current_file_content_hash' before initialization
    at Socket.<anonymous> (C:\Users\Jacob\Desktop\SCUMChatMonitor\app.js:319:17)
    at Socket.emit (node:events:525:35)
    at Object.cb (C:\Users\Jacob\Desktop\SCUMChatMonitor\node_modules\ftp\lib\connection.js:574:18)
    at Parser.<anonymous> (C:\Users\Jacob\Desktop\SCUMChatMonitor\node_modules\ftp\lib\connection.js:113:22)
    at Parser.emit (node:events:513:28)
    at Parser._write (C:\Users\Jacob\Desktop\SCUMChatMonitor\node_modules\ftp\lib\parser.js:59:10)
    at writeOrBuffer (node:internal/streams/writable:392:12)
    at _write (node:internal/streams/writable:333:10)
    at Writable.write (node:internal/streams/writable:337:10)
    at Socket.ondata (C:\Users\Jacob\Desktop\SCUMChatMonitor\node_modules\ftp\lib\connection.js:273:20)
2023-11-16T01:53:36.118Z: ReferenceError: Cannot access 'current_file_content_hash' before initialization
    at Socket.<anonymous> (C:\Users\Jacob\Desktop\SCUMChatMonitor\app.js:323:21)
    at Socket.emit (node:events:525:35)
    at Object.cb (C:\Users\Jacob\Desktop\SCUMChatMonitor\node_modules\ftp\lib\connection.js:574:18)
    at Parser.<anonymous> (C:\Users\Jacob\Desktop\SCUMChatMonitor\node_modules\ftp\lib\connection.js:113:22)
    at Parser.emit (node:events:513:28)
    at Parser._write (C:\Users\Jacob\Desktop\SCUMChatMonitor\node_modules\ftp\lib\parser.js:59:10)
    at writeOrBuffer (node:internal/streams/writable:392:12)
    at _write (node:internal/streams/writable:333:10)
    at Writable.write (node:internal/streams/writable:337:10)
    at Socket.ondata (C:\Users\Jacob\Desktop\SCUMChatMonitor\node_modules\ftp\lib\connection.js:273:20)
2023-11-16T01:54:18.944Z: Error: Unhandled Rejection at: [object Promise], reason: TypeError: Cannot read properties of undefined (reading 'status')
    at process.<anonymous> (C:\Users\Jacob\Desktop\SCUMChatMonitor\app.js:1161:14)
    at process.emit (node:events:513:28)
    at emit (node:internal/process/promises:149:20)
    at processPromiseRejections (node:internal/process/promises:283:27)
    at process.processTicksAndRejections (node:internal/process/task_queues:96:32)
2023-11-16T01:55:22.143Z: Error: Unhandled Rejection at: [object Promise], reason: TypeError: Cannot read properties of undefined (reading 'status')
    at process.<anonymous> (C:\Users\Jacob\Desktop\SCUMChatMonitor\app.js:1161:14)
    at process.emit (node:events:513:28)
    at emit (node:internal/process/promises:149:20)
    at processPromiseRejections (node:internal/process/promises:283:27)
    at process.processTicksAndRejections (node:internal/process/task_queues:96:32)
2023-11-16T02:26:57.187Z: TypeError [ERR_INVALID_ARG_TYPE]: The "data" argument must be of type string or an instance of Buffer, TypedArray, or DataView. Received an instance of Array
    at new NodeError (node:internal/errors:399:5)
    at Hash.update (node:internal/crypto/hash:109:11)
    at Socket.<anonymous> (C:\Users\Jacob\Desktop\SCUMChatMonitor\app.js:350:81)
    at Socket.emit (node:events:525:35)
    at Object.cb (C:\Users\Jacob\Desktop\SCUMChatMonitor\node_modules\ftp\lib\connection.js:574:18)
    at Parser.<anonymous> (C:\Users\Jacob\Desktop\SCUMChatMonitor\node_modules\ftp\lib\connection.js:113:22)
    at Parser.emit (node:events:513:28)
    at Parser._write (C:\Users\Jacob\Desktop\SCUMChatMonitor\node_modules\ftp\lib\parser.js:59:10)
    at writeOrBuffer (node:internal/streams/writable:392:12)
    at _write (node:internal/streams/writable:333:10)
2023-11-16T02:27:22.819Z: TypeError [ERR_INVALID_ARG_TYPE]: The "data" argument must be of type string or an instance of Buffer, TypedArray, or DataView. Received an instance of Array
    at new NodeError (node:internal/errors:399:5)
    at Hash.update (node:internal/crypto/hash:109:11)
    at Socket.<anonymous> (C:\Users\Jacob\Desktop\SCUMChatMonitor\app.js:350:81)
    at Socket.emit (node:events:525:35)
    at Object.cb (C:\Users\Jacob\Desktop\SCUMChatMonitor\node_modules\ftp\lib\connection.js:574:18)
    at Parser.<anonymous> (C:\Users\Jacob\Desktop\SCUMChatMonitor\node_modules\ftp\lib\connection.js:113:22)
    at Parser.emit (node:events:513:28)
    at Parser._write (C:\Users\Jacob\Desktop\SCUMChatMonitor\node_modules\ftp\lib\parser.js:59:10)
    at writeOrBuffer (node:internal/streams/writable:392:12)
    at _write (node:internal/streams/writable:333:10)
2023-11-16T02:28:03.706Z: ReferenceError: current_file_contents_hash is not defined
    at Socket.<anonymous> (C:\Users\Jacob\Desktop\SCUMChatMonitor\app.js:355:17)
    at Socket.emit (node:events:525:35)
    at Object.cb (C:\Users\Jacob\Desktop\SCUMChatMonitor\node_modules\ftp\lib\connection.js:574:18)
    at Parser.<anonymous> (C:\Users\Jacob\Desktop\SCUMChatMonitor\node_modules\ftp\lib\connection.js:113:22)
    at Parser.emit (node:events:513:28)
    at Parser._write (C:\Users\Jacob\Desktop\SCUMChatMonitor\node_modules\ftp\lib\parser.js:59:10)
    at writeOrBuffer (node:internal/streams/writable:392:12)
    at _write (node:internal/streams/writable:333:10)
    at Writable.write (node:internal/streams/writable:337:10)
    at Socket.ondata (C:\Users\Jacob\Desktop\SCUMChatMonitor\node_modules\ftp\lib\connection.js:273:20)
2023-11-16T02:28:44.810Z: ReferenceError: login_log_file_contents_individual_lines is not defined
    at Socket.<anonymous> (C:\Users\Jacob\Desktop\SCUMChatMonitor\app.js:357:17)
    at Socket.emit (node:events:525:35)
    at Object.cb (C:\Users\Jacob\Desktop\SCUMChatMonitor\node_modules\ftp\lib\connection.js:574:18)
    at Parser.<anonymous> (C:\Users\Jacob\Desktop\SCUMChatMonitor\node_modules\ftp\lib\connection.js:113:22)
    at Parser.emit (node:events:513:28)
    at Parser._write (C:\Users\Jacob\Desktop\SCUMChatMonitor\node_modules\ftp\lib\parser.js:59:10)
    at writeOrBuffer (node:internal/streams/writable:392:12)
    at _write (node:internal/streams/writable:333:10)
    at Writable.write (node:internal/streams/writable:337:10)
    at Socket.ondata (C:\Users\Jacob\Desktop\SCUMChatMonitor\node_modules\ftp\lib\connection.js:273:20)
2023-11-16T02:31:01.058Z: ReferenceError: login_log_file_contents is not defined
    at Socket.<anonymous> (C:\Users\Jacob\Desktop\SCUMChatMonitor\app.js:334:61)
    at Socket.emit (node:events:513:28)
    at source.emit (C:\Users\Jacob\Desktop\SCUMChatMonitor\node_modules\ftp\lib\connection.js:568:20)
    at addChunk (node:internal/streams/readable:324:12)
    at readableAddChunk (node:internal/streams/readable:297:9)
    at Readable.push (node:internal/streams/readable:234:10)
    at TCP.onStreamRead (node:internal/stream_base_commons:190:23)
2023-11-16T02:32:20.462Z: ReferenceError: file_cotents_steam_name_array is not defined
    at Socket.<anonymous> (C:\Users\Jacob\Desktop\SCUMChatMonitor\app.js:341:76)
    at Socket.emit (node:events:513:28)
    at source.emit (C:\Users\Jacob\Desktop\SCUMChatMonitor\node_modules\ftp\lib\connection.js:568:20)
    at addChunk (node:internal/streams/readable:324:12)
    at readableAddChunk (node:internal/streams/readable:297:9)
    at Readable.push (node:internal/streams/readable:234:10)
    at TCP.onStreamRead (node:internal/stream_base_commons:190:23)
2023-11-16T02:43:58.853Z: ReferenceError: file_contents_steam_ids_array is not defined
    at Socket.<anonymous> (C:\Users\Jacob\Desktop\SCUMChatMonitor\app.js:339:41)
    at Socket.emit (node:events:513:28)
    at source.emit (C:\Users\Jacob\Desktop\SCUMChatMonitor\node_modules\ftp\lib\connection.js:568:20)
    at addChunk (node:internal/streams/readable:324:12)
    at readableAddChunk (node:internal/streams/readable:297:9)
    at Readable.push (node:internal/streams/readable:234:10)
    at TCP.onStreamRead (node:internal/stream_base_commons:190:23)
