2023-11-10T17:11:52.075Z: ReferenceError: data is not defined
    at C:\Users\Jacob\source\repos\SCUMChatMonitor\SCUMChatMonitor\routes\admin.js:45:87
    at FSReqCallback.readFileAfterClose [as oncomplete] (node:internal/fs/read_file_context:68:3)
2023-11-11T15:37:13.676Z: Error: Unhandled Rejection at: [object Promise], reason: TypeError: Cannot read properties of undefined (reading 'status')
    at process.<anonymous> (C:\Users\Jacob\source\repos\SCUMChatMonitor\SCUMChatMonitor\app.js:1004:14)
    at process.emit (node:events:513:28)
    at emit (node:internal/process/promises:149:20)
    at processPromiseRejections (node:internal/process/promises:283:27)
    at processTicksAndRejections (node:internal/process/task_queues:96:32)
    at runNextTicks (node:internal/process/task_queues:64:3)
    at listOnTimeout (node:internal/timers:538:9)
    at process.processTimers (node:internal/timers:512:7)
2023-11-11T15:37:53.725Z: Error: Unhandled Rejection at: [object Promise], reason: TypeError: Cannot read properties of undefined (reading 'status')
    at process.<anonymous> (C:\Users\Jacob\source\repos\SCUMChatMonitor\SCUMChatMonitor\app.js:1004:14)
    at process.emit (node:events:513:28)
    at emit (node:internal/process/promises:149:20)
    at processPromiseRejections (node:internal/process/promises:283:27)
    at process.processTicksAndRejections (node:internal/process/task_queues:96:32)
2023-11-11T15:38:53.792Z: Error: Unhandled Rejection at: [object Promise], reason: TypeError: Cannot read properties of undefined (reading 'status')
    at process.<anonymous> (C:\Users\Jacob\source\repos\SCUMChatMonitor\SCUMChatMonitor\app.js:1004:14)
    at process.emit (node:events:513:28)
    at emit (node:internal/process/promises:149:20)
    at processPromiseRejections (node:internal/process/promises:283:27)
    at processTicksAndRejections (node:internal/process/task_queues:96:32)
    at runNextTicks (node:internal/process/task_queues:64:3)
    at process.processTimers (node:internal/timers:509:9)
2023-11-11T15:40:43.852Z: Error: Unhandled Rejection at: [object Promise], reason: TypeError: Cannot read properties of undefined (reading 'status')
    at process.<anonymous> (C:\Users\Jacob\source\repos\SCUMChatMonitor\SCUMChatMonitor\app.js:1004:14)
    at process.emit (node:events:513:28)
    at emit (node:internal/process/promises:149:20)
    at processPromiseRejections (node:internal/process/promises:283:27)
    at processTicksAndRejections (node:internal/process/task_queues:96:32)
    at runNextTicks (node:internal/process/task_queues:64:3)
    at listOnTimeout (node:internal/timers:538:9)
    at process.processTimers (node:internal/timers:512:7)
2023-11-11T15:41:18.967Z: Error: Unhandled Rejection at: [object Promise], reason: TypeError: Cannot read properties of undefined (reading 'status')
    at process.<anonymous> (C:\Users\Jacob\source\repos\SCUMChatMonitor\SCUMChatMonitor\app.js:1004:14)
    at process.emit (node:events:513:28)
    at emit (node:internal/process/promises:149:20)
    at processPromiseRejections (node:internal/process/promises:283:27)
    at processTicksAndRejections (node:internal/process/task_queues:96:32)
    at runNextTicks (node:internal/process/task_queues:64:3)
    at process.processTimers (node:internal/timers:509:9)
2023-11-11T15:42:19.036Z: Error: Unhandled Rejection at: [object Promise], reason: TypeError: Cannot read properties of undefined (reading 'status')
    at process.<anonymous> (C:\Users\Jacob\source\repos\SCUMChatMonitor\SCUMChatMonitor\app.js:1004:14)
    at process.emit (node:events:513:28)
    at emit (node:internal/process/promises:149:20)
    at processPromiseRejections (node:internal/process/promises:283:27)
    at processTicksAndRejections (node:internal/process/task_queues:96:32)
    at runNextTicks (node:internal/process/task_queues:64:3)
    at process.processTimers (node:internal/timers:509:9)
2023-11-11T15:42:59.096Z: Error: Unhandled Rejection at: [object Promise], reason: TypeError: Cannot read properties of undefined (reading 'status')
    at process.<anonymous> (C:\Users\Jacob\source\repos\SCUMChatMonitor\SCUMChatMonitor\app.js:1004:14)
    at process.emit (node:events:513:28)
    at emit (node:internal/process/promises:149:20)
    at processPromiseRejections (node:internal/process/promises:283:27)
    at processTicksAndRejections (node:internal/process/task_queues:96:32)
    at runNextTicks (node:internal/process/task_queues:64:3)
    at process.processTimers (node:internal/timers:509:9)
2023-11-11T15:44:34.198Z: Error: Unhandled Rejection at: [object Promise], reason: TypeError: Cannot read properties of undefined (reading 'status')
    at process.<anonymous> (C:\Users\Jacob\source\repos\SCUMChatMonitor\SCUMChatMonitor\app.js:1004:14)
    at process.emit (node:events:513:28)
    at emit (node:internal/process/promises:149:20)
    at processPromiseRejections (node:internal/process/promises:283:27)
    at processTicksAndRejections (node:internal/process/task_queues:96:32)
    at runNextTicks (node:internal/process/task_queues:64:3)
    at process.processTimers (node:internal/timers:509:9)
2023-11-11T15:45:04.077Z: Error: Unhandled Rejection at: [object Promise], reason: TypeError: Cannot read properties of undefined (reading 'status')
    at process.<anonymous> (C:\Users\Jacob\source\repos\SCUMChatMonitor\SCUMChatMonitor\app.js:1004:14)
    at process.emit (node:events:513:28)
    at emit (node:internal/process/promises:149:20)
    at processPromiseRejections (node:internal/process/promises:283:27)
    at processTicksAndRejections (node:internal/process/task_queues:96:32)
    at runNextTicks (node:internal/process/task_queues:64:3)
    at listOnTimeout (node:internal/timers:538:9)
    at process.processTimers (node:internal/timers:512:7)
2023-11-11T15:45:54.311Z: Error: Unhandled Rejection at: [object Promise], reason: TypeError: Cannot read properties of undefined (reading 'status')
    at process.<anonymous> (C:\Users\Jacob\source\repos\SCUMChatMonitor\SCUMChatMonitor\app.js:1004:14)
    at process.emit (node:events:513:28)
    at emit (node:internal/process/promises:149:20)
    at processPromiseRejections (node:internal/process/promises:283:27)
    at process.processTicksAndRejections (node:internal/process/task_queues:96:32)
2023-11-11T15:47:03.785Z: Error: Unhandled Rejection at: [object Promise], reason: TypeError: Cannot read properties of undefined (reading 'status')
    at process.<anonymous> (C:\Users\Jacob\source\repos\SCUMChatMonitor\SCUMChatMonitor\app.js:1004:14)
    at process.emit (node:events:513:28)
    at emit (node:internal/process/promises:149:20)
    at processPromiseRejections (node:internal/process/promises:283:27)
    at process.processTicksAndRejections (node:internal/process/task_queues:96:32)
2023-11-11T15:47:28.813Z: Error: Unhandled Rejection at: [object Promise], reason: TypeError: Cannot read properties of undefined (reading 'status')
    at process.<anonymous> (C:\Users\Jacob\source\repos\SCUMChatMonitor\SCUMChatMonitor\app.js:1004:14)
    at process.emit (node:events:513:28)
    at emit (node:internal/process/promises:149:20)
    at processPromiseRejections (node:internal/process/promises:283:27)
    at process.processTicksAndRejections (node:internal/process/task_queues:96:32)
2023-11-11T15:49:51.781Z: Error: Unhandled Rejection at: [object Promise], reason: TypeError: Cannot read properties of undefined (reading 'status')
    at process.<anonymous> (C:\Users\Jacob\source\repos\SCUMChatMonitor\SCUMChatMonitor\app.js:1004:14)
    at process.emit (node:events:513:28)
    at emit (node:internal/process/promises:149:20)
    at processPromiseRejections (node:internal/process/promises:283:27)
    at processTicksAndRejections (node:internal/process/task_queues:96:32)
    at runNextTicks (node:internal/process/task_queues:64:3)
    at listOnTimeout (node:internal/timers:538:9)
    at process.processTimers (node:internal/timers:512:7)
2023-11-11T15:51:01.886Z: Error: Unhandled Rejection at: [object Promise], reason: TypeError: Cannot read properties of undefined (reading 'status')
    at process.<anonymous> (C:\Users\Jacob\source\repos\SCUMChatMonitor\SCUMChatMonitor\app.js:1004:14)
    at process.emit (node:events:513:28)
    at emit (node:internal/process/promises:149:20)
    at processPromiseRejections (node:internal/process/promises:283:27)
    at process.processTicksAndRejections (node:internal/process/task_queues:96:32)
2023-11-11T15:52:31.899Z: Error: Unhandled Rejection at: [object Promise], reason: TypeError: Cannot read properties of undefined (reading 'status')
    at process.<anonymous> (C:\Users\Jacob\source\repos\SCUMChatMonitor\SCUMChatMonitor\app.js:1004:14)
    at process.emit (node:events:513:28)
    at emit (node:internal/process/promises:149:20)
    at processPromiseRejections (node:internal/process/promises:283:27)
    at processTicksAndRejections (node:internal/process/task_queues:96:32)
    at runNextTicks (node:internal/process/task_queues:64:3)
    at listOnTimeout (node:internal/timers:538:9)
    at process.processTimers (node:internal/timers:512:7)
2023-11-11T15:53:11.934Z: Error: Unhandled Rejection at: [object Promise], reason: TypeError: Cannot read properties of undefined (reading 'status')
    at process.<anonymous> (C:\Users\Jacob\source\repos\SCUMChatMonitor\SCUMChatMonitor\app.js:1004:14)
    at process.emit (node:events:513:28)
    at emit (node:internal/process/promises:149:20)
    at processPromiseRejections (node:internal/process/promises:283:27)
    at processTicksAndRejections (node:internal/process/task_queues:96:32)
    at runNextTicks (node:internal/process/task_queues:64:3)
    at listOnTimeout (node:internal/timers:538:9)
    at process.processTimers (node:internal/timers:512:7)
2023-11-11T15:54:02.149Z: Error: Unhandled Rejection at: [object Promise], reason: TypeError: Cannot read properties of undefined (reading 'status')
    at process.<anonymous> (C:\Users\Jacob\source\repos\SCUMChatMonitor\SCUMChatMonitor\app.js:1004:14)
    at process.emit (node:events:513:28)
    at emit (node:internal/process/promises:149:20)
    at processPromiseRejections (node:internal/process/promises:283:27)
    at process.processTicksAndRejections (node:internal/process/task_queues:96:32)
2023-11-11T15:55:12.014Z: Error: Unhandled Rejection at: [object Promise], reason: TypeError: Cannot read properties of undefined (reading 'status')
    at process.<anonymous> (C:\Users\Jacob\source\repos\SCUMChatMonitor\SCUMChatMonitor\app.js:1004:14)
    at process.emit (node:events:513:28)
    at emit (node:internal/process/promises:149:20)
    at processPromiseRejections (node:internal/process/promises:283:27)
    at processTicksAndRejections (node:internal/process/task_queues:96:32)
    at runNextTicks (node:internal/process/task_queues:64:3)
    at listOnTimeout (node:internal/timers:538:9)
    at process.processTimers (node:internal/timers:512:7)
2023-11-11T15:56:02.291Z: Error: Unhandled Rejection at: [object Promise], reason: TypeError: Cannot read properties of undefined (reading 'status')
    at process.<anonymous> (C:\Users\Jacob\source\repos\SCUMChatMonitor\SCUMChatMonitor\app.js:1004:14)
    at process.emit (node:events:513:28)
    at emit (node:internal/process/promises:149:20)
    at processPromiseRejections (node:internal/process/promises:283:27)
    at process.processTicksAndRejections (node:internal/process/task_queues:96:32)
2023-11-11T15:57:19.055Z: Error: Unhandled Rejection at: [object Promise], reason: TypeError: Cannot read properties of undefined (reading 'status')
    at process.<anonymous> (C:\Users\Jacob\source\repos\SCUMChatMonitor\SCUMChatMonitor\app.js:1004:14)
    at process.emit (node:events:513:28)
    at emit (node:internal/process/promises:149:20)
    at processPromiseRejections (node:internal/process/promises:283:27)
    at processTicksAndRejections (node:internal/process/task_queues:96:32)
    at runNextTicks (node:internal/process/task_queues:64:3)
    at listOnTimeout (node:internal/timers:538:9)
    at process.processTimers (node:internal/timers:512:7)
2023-11-11T15:59:29.242Z: Error: Unhandled Rejection at: [object Promise], reason: TypeError: Cannot read properties of undefined (reading 'status')
    at process.<anonymous> (C:\Users\Jacob\source\repos\SCUMChatMonitor\SCUMChatMonitor\app.js:1004:14)
    at process.emit (node:events:513:28)
    at emit (node:internal/process/promises:149:20)
    at processPromiseRejections (node:internal/process/promises:283:27)
    at processTicksAndRejections (node:internal/process/task_queues:96:32)
    at runNextTicks (node:internal/process/task_queues:64:3)
    at process.processTimers (node:internal/timers:509:9)
2023-11-11T16:00:52.567Z: Error: Unhandled Rejection at: [object Promise], reason: TypeError: Cannot read properties of undefined (reading 'status')
    at process.<anonymous> (C:\Users\Jacob\source\repos\SCUMChatMonitor\SCUMChatMonitor\app.js:1004:14)
    at process.emit (node:events:513:28)
    at emit (node:internal/process/promises:149:20)
    at processPromiseRejections (node:internal/process/promises:283:27)
    at process.processTicksAndRejections (node:internal/process/task_queues:96:32)
2023-11-11T16:01:22.596Z: Error: Unhandled Rejection at: [object Promise], reason: TypeError: Cannot read properties of undefined (reading 'status')
    at process.<anonymous> (C:\Users\Jacob\source\repos\SCUMChatMonitor\SCUMChatMonitor\app.js:1004:14)
    at process.emit (node:events:513:28)
    at emit (node:internal/process/promises:149:20)
    at processPromiseRejections (node:internal/process/promises:283:27)
    at processTicksAndRejections (node:internal/process/task_queues:96:32)
    at runNextTicks (node:internal/process/task_queues:64:3)
    at process.processTimers (node:internal/timers:509:9)
2023-11-11T16:01:52.619Z: Error: Unhandled Rejection at: [object Promise], reason: TypeError: Cannot read properties of undefined (reading 'status')
    at process.<anonymous> (C:\Users\Jacob\source\repos\SCUMChatMonitor\SCUMChatMonitor\app.js:1004:14)
    at process.emit (node:events:513:28)
    at emit (node:internal/process/promises:149:20)
    at processPromiseRejections (node:internal/process/promises:283:27)
    at process.processTicksAndRejections (node:internal/process/task_queues:96:32)
2023-11-11T16:02:27.608Z: Error: Unhandled Rejection at: [object Promise], reason: TypeError: Cannot read properties of undefined (reading 'status')
    at process.<anonymous> (C:\Users\Jacob\source\repos\SCUMChatMonitor\SCUMChatMonitor\app.js:1004:14)
    at process.emit (node:events:513:28)
    at emit (node:internal/process/promises:149:20)
    at processPromiseRejections (node:internal/process/promises:283:27)
    at processTicksAndRejections (node:internal/process/task_queues:96:32)
    at runNextTicks (node:internal/process/task_queues:64:3)
    at listOnTimeout (node:internal/timers:538:9)
    at process.processTimers (node:internal/timers:512:7)
2023-11-11T16:02:57.637Z: Error: Unhandled Rejection at: [object Promise], reason: TypeError: Cannot read properties of undefined (reading 'status')
    at process.<anonymous> (C:\Users\Jacob\source\repos\SCUMChatMonitor\SCUMChatMonitor\app.js:1004:14)
    at process.emit (node:events:513:28)
    at emit (node:internal/process/promises:149:20)
    at processPromiseRejections (node:internal/process/promises:283:27)
    at processTicksAndRejections (node:internal/process/task_queues:96:32)
    at runNextTicks (node:internal/process/task_queues:64:3)
    at listOnTimeout (node:internal/timers:538:9)
    at process.processTimers (node:internal/timers:512:7)
2023-11-11T16:04:12.814Z: Error: Unhandled Rejection at: [object Promise], reason: TypeError: Cannot read properties of undefined (reading 'status')
    at process.<anonymous> (C:\Users\Jacob\source\repos\SCUMChatMonitor\SCUMChatMonitor\app.js:1004:14)
    at process.emit (node:events:513:28)
    at emit (node:internal/process/promises:149:20)
    at processPromiseRejections (node:internal/process/promises:283:27)
    at process.processTicksAndRejections (node:internal/process/task_queues:96:32)
